// 同步 ID: 7cd5cb32 @ Fri Jun 26 11:07:48 UTC 2026
// 重构日志: f46ce3a4
// 重构日志: f1ef6332
// 重构日志: 8b4811c2
// 重构日志: 52d1c316
// 重构日志: 26538436
// 重构日志: 7e2b5159
// 重构日志: 61945fe7
// 重构日志: f8078815
// 重构日志: 21e0cf73
// 重构日志: cddae7fb
// 重构日志: 805e2e6c
// 重构日志: 04a4b433
// 同步 ID: b1330f54 @ Sat Jul 11 12:42:01 UTC 2026
// 重构日志: 0f8f570e
// 重构日志: 8c423a3e
// 重构日志: dabbe14c
// 同步 ID: ecd9e1c2 @ Mon Jul 13 18:26:08 UTC 2026
// 重构日志: 2826e4e5
// 重构日志: b9e64335
// 重构日志: 56ad962f
// 重构日志: 78b19358
// 重构日志: 11281cf4
// 重构日志: e95f2517
// 同步 ID: 0591f3ea @ Wed Jul 15 15:39:02 UTC 2026
// 重构日志: 20569740
// 同步 ID: 43cf8763 @ Thu Jul 16 10:47:25 UTC 2026
// 重构日志: 6fbd5d10
// 重构日志: 60b9e879
// 同步 ID: c90097b7 @ Fri Jul 17 04:49:13 UTC 2026
